<?xml version="1.0" encoding="UTF-8"?>
<!-- Generated by org.testng.reporters.JUnitReportReporter -->
<testsuite hostname="Vasanth-Beulah" failures="0" tests="5" name="org.testngapi.testngapi" time="2.972" errors="0" timestamp="01 Apr 2025 15:26:46 GMT" skipped="0">
  <testcase classname="org.testngapi.testngapi" name="test2" time="0.095"/>
  <testcase classname="org.testngapi.testngapi" name="testput" time="0.571"/>
  <testcase classname="org.testngapi.testngapi" name="testdelete" time="0.391"/>
  <testcase classname="org.testngapi.testngapi" name="testpost" time="0.403"/>
  <testcase classname="org.testngapi.testngapi" name="test1" time="1.512"/>
</testsuite> <!-- org.testngapi.testngapi -->
