<?xml version="1.0" encoding="UTF-8"?>
<!-- Generated by org.testng.reporters.JUnitReportReporter -->
<testsuite hostname="Vasanth-Beulah" failures="0" tests="1" name="org.Baseclass.testngbaseexample" time="3.382" errors="0" timestamp="27 Feb 2025 13:12:57 GMT" skipped="0">
  <testcase classname="org.Baseclass.testngbaseexample" name="logintest" time="3.382"/>
</testsuite> <!-- org.Baseclass.testngbaseexample -->
