<?xml version="1.0" encoding="UTF-8"?>
<!-- Generated by org.testng.reporters.JUnitReportReporter -->
<testsuite hostname="Vasanth-Beulah" failures="0" tests="9" name="org.Baseclass.datapro" time="61.698" errors="0" timestamp="28 Feb 2025 12:48:59 GMT" skipped="0">
  <testcase classname="org.Baseclass.datapro" name="fblogin" time="9.310"/>
  <testcase classname="org.Baseclass.datapro" name="fblogin" time="7.693"/>
  <testcase classname="org.Baseclass.datapro" name="fblogin" time="4.773"/>
  <testcase classname="org.Baseclass.datapro" name="fblogin" time="6.273"/>
  <testcase classname="org.Baseclass.datapro" name="fblogin" time="4.540"/>
  <testcase classname="org.Baseclass.datapro" name="fblogin" time="6.377"/>
  <testcase classname="org.Baseclass.datapro" name="fblogin" time="8.543"/>
  <testcase classname="org.Baseclass.datapro" name="fblogin" time="5.850"/>
  <testcase classname="org.Baseclass.datapro" name="fblogin" time="8.339"/>
</testsuite> <!-- org.Baseclass.datapro -->
