<?xml version="1.0" encoding="UTF-8"?>
<!-- Generated by org.testng.reporters.JUnitReportReporter -->
<testsuite hostname="Vasanth-Beulah" failures="0" tests="2" name="org.testbg.testngexamp1" time="0.005" errors="0" timestamp="27 Feb 2025 12:53:37 GMT" skipped="0">
  <testcase classname="org.testbg.testngexamp1" name="tc_91" time="0.003"/>
  <testcase classname="org.testbg.testngexamp1" name="tc_9" time="0.002"/>
</testsuite> <!-- org.testbg.testngexamp1 -->
