<?xml version="1.0" encoding="UTF-8"?>
<!-- Generated by org.testng.reporters.JUnitReportReporter -->
<testsuite hostname="Vasanth-Beulah" failures="0" tests="17" name="org.testbg.examp2" time="0.036" errors="0" timestamp="20 Dec 2024 11:54:47 GMT" skipped="0">
  <testcase classname="org.testbg.examp2" name="tc_3" time="0.010"/>
  <testcase classname="org.testbg.examp2" name="tc_1" time="0.002"/>
  <testcase classname="org.testbg.examp2" name="tc_7" time="0.000"/>
  <testcase classname="org.testbg.examp2" name="tc_7" time="0.002"/>
  <testcase classname="org.testbg.examp2" name="tc_5" time="0.001"/>
  <testcase classname="org.testbg.examp2" name="tc_7" time="0.002"/>
  <testcase classname="org.testbg.examp2" name="tc_5" time="0.002"/>
  <testcase classname="org.testbg.examp2" name="tc_7" time="0.002"/>
  <testcase classname="org.testbg.examp2" name="tc_7" time="0.001"/>
  <testcase classname="org.testbg.examp2" name="tc_7" time="0.001"/>
  <testcase classname="org.testbg.examp2" name="tc_7" time="0.006"/>
  <testcase classname="org.testbg.examp2" name="tc_5" time="0.001"/>
  <testcase classname="org.testbg.examp2" name="tc_4" time="0.001"/>
  <testcase classname="org.testbg.examp2" name="tc_4" time="0.001"/>
  <testcase classname="org.testbg.examp2" name="tc_4" time="0.001"/>
  <testcase classname="org.testbg.examp2" name="tc_6" time="0.001"/>
  <testcase classname="org.testbg.examp2" name="tc_2" time="0.002"/>
</testsuite> <!-- org.testbg.examp2 -->
