<?xml version="1.0" encoding="UTF-8"?>
<!-- Generated by org.testng.reporters.JUnitReportReporter -->
<testsuite hostname="Vasanth-Beulah" failures="0" tests="1" name="org.testbg.testngexamp1" time="0.008" errors="0" timestamp="24 Dec 2024 06:58:41 GMT" skipped="0">
  <testcase classname="org.testbg.testngexamp1" name="tc_9" time="0.008"/>
</testsuite> <!-- org.testbg.testngexamp1 -->
