<?xml version="1.0" encoding="UTF-8"?>
<!-- Generated by org.testng.reporters.JUnitReportReporter -->
<testsuite hostname="Vasanth-Beulah" failures="0" tests="2" name="org.testbg.testngexamp1" time="0.015" errors="0" timestamp="18 Feb 2025 10:22:40 GMT" skipped="0">
  <testcase classname="org.testbg.testngexamp1" name="tc_9" time="0.011"/>
  <testcase classname="org.testbg.testngexamp1" name="tc_91" time="0.004"/>
</testsuite> <!-- org.testbg.testngexamp1 -->
