<?xml version="1.0" encoding="UTF-8"?>
<!-- Generated by org.testng.reporters.JUnitReportReporter -->
<testsuite hostname="Vasanth-Beulah" failures="0" tests="12" name="org.testbg.examp2" time="0.070" errors="0" timestamp="27 Feb 2025 12:53:37 GMT" skipped="0">
  <testcase classname="org.testbg.examp2" name="tc_3" time="0.012"/>
  <testcase classname="org.testbg.examp2" name="tc_1" time="0.001"/>
  <testcase classname="org.testbg.examp2" name="tc_7" time="0.004"/>
  <testcase classname="org.testbg.examp2" name="tc_7" time="0.001"/>
  <testcase classname="org.testbg.examp2" name="tc_5" time="0.002"/>
  <testcase classname="org.testbg.examp2" name="tc_7" time="0.008"/>
  <testcase classname="org.testbg.examp2" name="tc_7" time="0.003"/>
  <testcase classname="org.testbg.examp2" name="tc_5" time="0.005"/>
  <testcase classname="org.testbg.examp2" name="tc_7" time="0.001"/>
  <testcase classname="org.testbg.examp2" name="tc_7" time="0.007"/>
  <testcase classname="org.testbg.examp2" name="tc_7" time="0.002"/>
  <testcase classname="org.testbg.examp2" name="tc_5" time="0.024"/>
</testsuite> <!-- org.testbg.examp2 -->
