<?xml version="1.0" encoding="UTF-8"?>
<!-- Generated by org.testng.reporters.JUnitReportReporter -->
<testsuite hostname="Vasanth-Beulah" failures="0" tests="9" name="org.Baseclass.datapro" time="111.211" errors="0" timestamp="13 Mar 2025 11:48:55 GMT" skipped="0">
  <testcase classname="org.Baseclass.datapro" name="fblogin" time="11.362"/>
  <testcase classname="org.Baseclass.datapro" name="fblogin" time="6.151"/>
  <testcase classname="org.Baseclass.datapro" name="fblogin" time="7.775"/>
  <testcase classname="org.Baseclass.datapro" name="fblogin" time="10.633"/>
  <testcase classname="org.Baseclass.datapro" name="fblogin" time="12.003"/>
  <testcase classname="org.Baseclass.datapro" name="fblogin" time="7.519"/>
  <testcase classname="org.Baseclass.datapro" name="fblogin" time="42.001"/>
  <testcase classname="org.Baseclass.datapro" name="fblogin" time="6.175"/>
  <testcase classname="org.Baseclass.datapro" name="fblogin" time="7.592"/>
</testsuite> <!-- org.Baseclass.datapro -->
