<?xml version="1.0" encoding="UTF-8"?>
<!-- Generated by org.testng.reporters.JUnitReportReporter -->
<testsuite hostname="Vasanth-Beulah" failures="0" tests="1" name="org.Baseclass.testngbaseexample" time="19.782" errors="0" timestamp="18 Feb 2025 10:26:05 GMT" skipped="0">
  <testcase classname="org.Baseclass.testngbaseexample" name="logintest" time="19.782"/>
</testsuite> <!-- org.Baseclass.testngbaseexample -->
